AndroidEventGenerator/app/build/intermediates/manifest_merge_blame_file/debug/manifest-merger-blame-debug-report.txt
1<?xml version="1.0" encoding="utf-8"?>
2<manifest xmlns:android="http://schemas.android.com/apk/res/android"
3    package="com.example.androideventgenerator"
4    android:versionCode="1"
5    android:versionName="1.0" >
6
7    <uses-sdk
8        android:minSdkVersion="28"
8-->src\main\AndroidManifest.xml
9        android:targetSdkVersion="28" />
9-->src\main\AndroidManifest.xml
10
11    <uses-permission android:name="android.permission.INTERNET" />
11-->src\main\AndroidManifest.xml:5:5-67
11-->src\main\AndroidManifest.xml:5:22-64
12    <uses-permission android:name="android.permission.ACCESS_NETWORK_STATE" />
12-->src\main\AndroidManifest.xml:6:5-79
12-->src\main\AndroidManifest.xml:6:22-76
13
14    <application
14-->src\main\AndroidManifest.xml:7:5-22:19
15        android:allowBackup="true"
15-->src\main\AndroidManifest.xml:8:9-35
16        android:appComponentFactory="androidx.core.app.CoreComponentFactory"
16-->[androidx.core:core:1.1.0] AndroidManifest.xml:24:18-86
17        android:debuggable="true"
18        android:extractNativeLibs="false"
19        android:icon="@mipmap/ic_launcher"
19-->src\main\AndroidManifest.xml:9:9-43
20        android:label="@string/app_name"
20-->src\main\AndroidManifest.xml:10:9-41
21        android:roundIcon="@mipmap/ic_launcher_round"
21-->src\main\AndroidManifest.xml:11:9-54
22        android:supportsRtl="true"
22-->src\main\AndroidManifest.xml:12:9-35
23        android:testOnly="true"
24        android:theme="@style/AppTheme" >
24-->src\main\AndroidManifest.xml:13:9-40
25        <uses-library
25-->src\main\AndroidManifest.xml:14:9-88
26            android:name="org.apache.http.legacy"
26-->src\main\AndroidManifest.xml:14:23-60
27            android:required="false" />
27-->src\main\AndroidManifest.xml:14:61-85
28
29        <activity android:name="com.example.androideventgenerator.MainActivity" >
29-->src\main\AndroidManifest.xml:15:9-21:20
29-->src\main\AndroidManifest.xml:15:19-47
30            <intent-filter>
30-->src\main\AndroidManifest.xml:16:13-20:29
31                <action android:name="android.intent.action.MAIN" />
31-->src\main\AndroidManifest.xml:17:17-69
31-->src\main\AndroidManifest.xml:17:25-66
32
33                <category android:name="android.intent.category.LAUNCHER" />
33-->src\main\AndroidManifest.xml:19:17-77
33-->src\main\AndroidManifest.xml:19:27-74
34            </intent-filter>
35        </activity>
36    </application>
37
38</manifest>